{
  "RSpec": {
    "coverage": {
      "/Users/guillermo/projects/gildedrose/spec/gilded_rose_spec.rb": [
        1,
        null,
        1,
        null,
        1,
        1,
        1,
        1,
        1,
        null,
        null,
        1,
        1,
        1,
        1,
        null,
        null,
        1,
        1,
        1,
        1,
        null,
        null,
        1,
        1,
        1,
        1,
        null,
        null,
        1,
        1,
        1,
        1,
        null,
        null,
        1,
        1,
        1,
        1,
        null,
        null,
        1,
        1,
        1,
        1,
        null,
        null,
        1,
        1,
        1,
        1,
        null,
        null,
        1,
        1,
        1,
        1,
        null,
        null,
        1,
        1,
        1,
        1,
        null,
        null,
        1,
        1,
        1,
        1,
        null,
        null,
        1,
        1,
        1,
        1,
        null,
        null,
        1,
        1,
        1,
        1,
        null,
        null,
        1,
        1,
        1,
        1,
        null,
        null,
        1,
        1,
        1,
        1,
        null,
        null,
        null,
        null,
        null,
        null
      ],
      "/Users/guillermo/projects/gildedrose/lib/gilded_rose.rb": [
        1,
        null,
        1,
        15,
        null,
        null,
        1,
        null,
        null,
        null,
        null,
        null,
        null,
        null,
        15,
        null,
        15,
        15,
        7,
        5,
        3,
        null,
        null,
        null,
        null,
        null,
        8,
        6,
        6,
        3,
        3,
        3,
        null,
        null,
        3,
        2,
        2,
        null,
        null,
        null,
        null,
        null,
        null,
        null,
        null,
        null,
        null,
        null,
        null,
        null,
        null,
        null,
        null,
        null,
        15,
        6,
        4,
        3,
        1,
        1,
        null,
        null,
        null,
        null,
        1,
        null,
        null,
        null,
        2,
        1,
        null,
        null,
        null,
        null,
        null,
        null,
        null,
        null,
        null,
        null,
        null,
        null,
        null,
        null,
        null,
        null,
        1,
        null,
        1,
        15,
        13,
        null,
        null,
        null,
        null,
        null,
        null,
        1,
        1,
        null,
        1,
        15,
        15,
        15,
        null,
        null,
        1,
        0,
        null,
        null
      ]
    },
    "timestamp": 1562162039
  }
}
