{
  "RSpec": {
    "coverage": {
      "/Users/guillermo/projects/gildedrose/spec/gilded_rose_spec.rb": [
        1,
        null,
        1,
        null,
        1,
        1,
        1,
        1,
        1,
        null,
        null,
        1,
        1,
        1,
        1,
        null,
        null,
        1,
        1,
        1,
        1,
        null,
        null,
        1,
        1,
        1,
        1,
        null,
        null,
        1,
        1,
        1,
        1,
        null,
        null,
        1,
        1,
        1,
        1,
        null,
        null,
        1,
        1,
        1,
        1,
        null,
        null,
        1,
        1,
        1,
        1,
        null,
        null,
        1,
        1,
        1,
        1,
        null,
        null,
        1,
        1,
        1,
        1,
        null,
        null,
        1,
        1,
        1,
        1,
        null,
        null,
        1,
        1,
        1,
        1,
        null,
        null,
        1,
        1,
        1,
        1,
        null,
        null,
        1,
        1,
        1,
        1,
        null,
        null,
        1,
        1,
        1,
        1,
        null,
        null,
        1,
        1,
        1,
        1,
        null,
        null,
        null,
        null,
        null,
        null
      ],
      "/Users/guillermo/projects/gildedrose/lib/gilded_rose.rb": [
        1,
        null,
        1,
        null,
        1,
        16,
        null,
        null,
        1,
        16,
        16,
        16,
        16,
        16,
        null,
        null,
        null,
        null,
        1,
        null,
        1,
        16,
        14,
        null,
        null,
        null,
        1,
        6,
        4,
        null,
        null,
        null,
        1,
        3,
        null,
        null,
        1,
        16,
        null,
        null,
        null,
        1,
        5,
        5,
        5,
        5,
        null,
        null,
        null,
        null,
        null,
        null,
        null,
        1,
        1,
        null,
        1,
        16,
        16,
        16,
        null,
        null,
        1,
        0,
        null,
        null
      ]
    },
    "timestamp": 1562267663
  }
}
